<?xml version="1.0" encoding="UTF-8"?>
<testng-results ignored="0" total="1" passed="1" failed="0" skipped="0">
  <reporter-output>
  </reporter-output>
  <suite started-at="2023-08-25T15:13:12 IST" name="Default suite" finished-at="2023-08-25T15:16:19 IST" duration-ms="187007">
    <groups>
      <group name="cucumber">
        <method signature="AbstractTestNGCucumberTests.runScenario(io.cucumber.testng.PickleWrapper,io.cucumber.testng.FeatureWrapper)[pri:0, instance:testRunOptions.TestNGTestRunnuer@489115ef]" name="runScenario" class="io.cucumber.testng.AbstractTestNGCucumberTests"/>
      </group> <!-- cucumber -->
    </groups>
    <test started-at="2023-08-25T15:13:12 IST" name="Default test" finished-at="2023-08-25T15:16:19 IST" duration-ms="187007">
      <class name="testRunOptions.TestNGTestRunnuer">
        <test-method is-config="true" signature="setUpClass(org.testng.ITestContext)[pri:0, instance:testRunOptions.TestNGTestRunnuer@489115ef]" started-at="2023-08-25T15:13:12 IST" name="setUpClass" finished-at="2023-08-25T15:13:12 IST" duration-ms="535" status="PASS">
          <params>
            <param index="0">
              <value>
                <![CDATA[org.testng.TestRunner@2b8bd798]]>
              </value>
            </param>
          </params>
          <reporter-output>
          </reporter-output>
        </test-method> <!-- setUpClass -->
        <test-method signature="runScenario(io.cucumber.testng.PickleWrapper,io.cucumber.testng.FeatureWrapper)[pri:0, instance:testRunOptions.TestNGTestRunnuer@489115ef]" started-at="2023-08-25T15:13:12 IST" name="runScenario" description="Runs Cucumber Scenarios" data-provider="scenarios" finished-at="2023-08-25T15:16:19 IST" duration-ms="186345" status="PASS">
          <params>
            <param index="0">
              <value>
                <![CDATA["Login Page Test"]]>
              </value>
            </param>
            <param index="1">
              <value>
                <![CDATA["Application Login"]]>
              </value>
            </param>
          </params>
          <reporter-output>
          </reporter-output>
        </test-method> <!-- runScenario -->
        <test-method is-config="true" signature="tearDownClass()[pri:0, instance:testRunOptions.TestNGTestRunnuer@489115ef]" started-at="2023-08-25T15:16:19 IST" name="tearDownClass" finished-at="2023-08-25T15:16:19 IST" duration-ms="3" status="PASS">
          <reporter-output>
          </reporter-output>
        </test-method> <!-- tearDownClass -->
      </class> <!-- testRunOptions.TestNGTestRunnuer -->
    </test> <!-- Default test -->
  </suite> <!-- Default suite -->
</testng-results>
